<testsuites name="results">
  <testsuite name="all" package="all">
    <property name="random_seed" value="1766635138" />
    <testcase name="test_simple_flow" classname="test_valid_ready" file="/home/sayooj/projects/valid_ready_pipeline/tb/test_valid_ready.py" lineno="17" time="258.39111256599426" sim_time_ns="303724210.0" ratio_time="1175443.717795934">
      <failure error_type="SimFailure" error_msg="cocotb expected it would shut down the simulation, but the simulation ended prematurely. This could be due to an assertion failure or a call to an exit routine in the HDL, or due to the simulator running out of events to process (is your clock running?)." />
    </testcase>
    <testcase name="test_random_backpressure" classname="test_valid_ready" file="/home/sayooj/projects/valid_ready_pipeline/tb/test_valid_ready.py" lineno="39" time="0" sim_time_ns="0" ratio_time="nan">
      <failure error_type="SimFailure" error_msg="cocotb expected it would shut down the simulation, but the simulation ended prematurely. This could be due to an assertion failure or a call to an exit routine in the HDL, or due to the simulator running out of events to process (is your clock running?)." />
    </testcase>
  </testsuite>
</testsuites>